<?xml version="1.0" encoding="UTF-8"?>
<testng-results ignored="0" total="1" passed="1" failed="0" skipped="0">
  <reporter-output>
  </reporter-output>
  <suite started-at="2022-12-10T12:15:12 IST" name="Default suite" finished-at="2022-12-10T12:16:12 IST" duration-ms="60478">
    <groups>
      <group name="cucumber">
        <method signature="AbstractTestNGCucumberTests.runScenario(io.cucumber.testng.PickleWrapper,io.cucumber.testng.FeatureWrapper)[pri:0, instance:runner.Ts1@5d7148e2]" name="runScenario" class="io.cucumber.testng.AbstractTestNGCucumberTests"/>
      </group> <!-- cucumber -->
    </groups>
    <test started-at="2022-12-10T12:15:12 IST" name="Default test" finished-at="2022-12-10T12:16:12 IST" duration-ms="60478">
      <class name="runner.Ts1">
        <test-method is-config="true" signature="setUpClass()[pri:0, instance:runner.Ts1@5d7148e2]" started-at="2022-12-10T12:15:12 IST" name="setUpClass" finished-at="2022-12-10T12:15:14 IST" duration-ms="2052" status="PASS">
          <reporter-output>
          </reporter-output>
        </test-method> <!-- setUpClass -->
        <test-method signature="runScenario(io.cucumber.testng.PickleWrapper,io.cucumber.testng.FeatureWrapper)[pri:0, instance:runner.Ts1@5d7148e2]" started-at="2022-12-10T12:15:14 IST" name="runScenario" description="Runs Cucumber Scenarios" data-provider="scenarios" finished-at="2022-12-10T12:16:12 IST" duration-ms="57945" status="PASS">
          <params>
            <param index="0">
              <value>
                <![CDATA["when user enter valid crediantials and clikc on login"]]>
              </value>
            </param>
            <param index="1">
              <value>
                <![CDATA["Optional[login]"]]>
              </value>
            </param>
          </params>
          <reporter-output>
          </reporter-output>
        </test-method> <!-- runScenario -->
        <test-method is-config="true" signature="tearDownClass()[pri:0, instance:runner.Ts1@5d7148e2]" started-at="2022-12-10T12:16:12 IST" name="tearDownClass" finished-at="2022-12-10T12:16:12 IST" duration-ms="383" status="PASS">
          <reporter-output>
          </reporter-output>
        </test-method> <!-- tearDownClass -->
      </class> <!-- runner.Ts1 -->
    </test> <!-- Default test -->
  </suite> <!-- Default suite -->
</testng-results>
