<?xml version="1.0" encoding="UTF-8"?>
<testng-results ignored="0" total="1" passed="1" failed="0" skipped="0">
  <reporter-output>
  </reporter-output>
  <suite started-at="2022-12-07T12:42:12 IST" name="Default suite" finished-at="2022-12-07T12:42:13 IST" duration-ms="1263">
    <groups>
    </groups>
    <test started-at="2022-12-07T12:42:12 IST" name="Default test" finished-at="2022-12-07T12:42:13 IST" duration-ms="1263">
      <class name="practice.DataBase">
        <test-method signature="connect()[pri:0, instance:practice.DataBase@10d307f1]" started-at="2022-12-07T12:42:12 IST" name="connect" finished-at="2022-12-07T12:42:13 IST" duration-ms="1205" status="PASS">
          <reporter-output>
          </reporter-output>
        </test-method> <!-- connect -->
      </class> <!-- practice.DataBase -->
    </test> <!-- Default test -->
  </suite> <!-- Default suite -->
</testng-results>
